10:58:48.365 [main] DEBUG o.s.b.c.l.ClasspathLoggingApplicationListener - Application failed to start with classpath: [file:/C:/Program%20Files/Java/jdk1.8.0_151/jre/lib/charsets.jar, file:/C:/Program%20Files/Java/jdk1.8.0_151/jre/lib/deploy.jar, file:/C:/Program%20Files/Java/jdk1.8.0_151/jre/lib/ext/access-bridge-64.jar, file:/C:/Program%20Files/Java/jdk1.8.0_151/jre/lib/ext/cldrdata.jar, file:/C:/Program%20Files/Java/jdk1.8.0_151/jre/lib/ext/dnsns.jar, file:/C:/Program%20Files/Java/jdk1.8.0_151/jre/lib/ext/jaccess.jar, file:/C:/Program%20Files/Java/jdk1.8.0_151/jre/lib/ext/jfxrt.jar, file:/C:/Program%20Files/Java/jdk1.8.0_151/jre/lib/ext/localedata.jar, file:/C:/Program%20Files/Java/jdk1.8.0_151/jre/lib/ext/nashorn.jar, file:/C:/Program%20Files/Java/jdk1.8.0_151/jre/lib/ext/sunec.jar, file:/C:/Program%20Files/Java/jdk1.8.0_151/jre/lib/ext/sunjce_provider.jar, file:/C:/Program%20Files/Java/jdk1.8.0_151/jre/lib/ext/sunmscapi.jar, file:/C:/Program%20Files/Java/jdk1.8.0_151/jre/lib/ext/sunpkcs11.jar, file:/C:/Program%20Files/Java/jdk1.8.0_151/jre/lib/ext/zipfs.jar, file:/C:/Program%20Files/Java/jdk1.8.0_151/jre/lib/javaws.jar, file:/C:/Program%20Files/Java/jdk1.8.0_151/jre/lib/jce.jar, file:/C:/Program%20Files/Java/jdk1.8.0_151/jre/lib/jfr.jar, file:/C:/Program%20Files/Java/jdk1.8.0_151/jre/lib/jfxswt.jar, file:/C:/Program%20Files/Java/jdk1.8.0_151/jre/lib/jsse.jar, file:/C:/Program%20Files/Java/jdk1.8.0_151/jre/lib/management-agent.jar, file:/C:/Program%20Files/Java/jdk1.8.0_151/jre/lib/plugin.jar, file:/C:/Program%20Files/Java/jdk1.8.0_151/jre/lib/resources.jar, file:/C:/Program%20Files/Java/jdk1.8.0_151/jre/lib/rt.jar, file:/C:/Users/dell/.ssh/workspace/muke/AutoTest/Chapter11/target/classes/, file:/D:/svnnew/m2/repository/org/springframework/boot/spring-boot-starter-web/2.0.4.RELEASE/spring-boot-starter-web-2.0.4.RELEASE.jar, file:/D:/svnnew/m2/repository/org/springframework/boot/spring-boot-starter/2.0.4.RELEASE/spring-boot-starter-2.0.4.RELEASE.jar, file:/D:/svnnew/m2/repository/org/springframework/boot/spring-boot/2.0.4.RELEASE/spring-boot-2.0.4.RELEASE.jar, file:/D:/svnnew/m2/repository/org/springframework/boot/spring-boot-autoconfigure/2.0.4.RELEASE/spring-boot-autoconfigure-2.0.4.RELEASE.jar, file:/D:/svnnew/m2/repository/org/springframework/boot/spring-boot-starter-logging/2.0.4.RELEASE/spring-boot-starter-logging-2.0.4.RELEASE.jar, file:/D:/svnnew/m2/repository/ch/qos/logback/logback-classic/1.2.3/logback-classic-1.2.3.jar, file:/D:/svnnew/m2/repository/ch/qos/logback/logback-core/1.2.3/logback-core-1.2.3.jar, file:/D:/svnnew/m2/repository/org/apache/logging/log4j/log4j-to-slf4j/2.10.0/log4j-to-slf4j-2.10.0.jar, file:/D:/svnnew/m2/repository/org/apache/logging/log4j/log4j-api/2.10.0/log4j-api-2.10.0.jar, file:/D:/svnnew/m2/repository/org/slf4j/jul-to-slf4j/1.7.25/jul-to-slf4j-1.7.25.jar, file:/D:/svnnew/m2/repository/javax/annotation/javax.annotation-api/1.3.2/javax.annotation-api-1.3.2.jar, file:/D:/svnnew/m2/repository/org/springframework/spring-core/5.0.8.RELEASE/spring-core-5.0.8.RELEASE.jar, file:/D:/svnnew/m2/repository/org/springframework/spring-jcl/5.0.8.RELEASE/spring-jcl-5.0.8.RELEASE.jar, file:/D:/svnnew/m2/repository/org/yaml/snakeyaml/1.19/snakeyaml-1.19.jar, file:/D:/svnnew/m2/repository/org/springframework/boot/spring-boot-starter-json/2.0.4.RELEASE/spring-boot-starter-json-2.0.4.RELEASE.jar, file:/D:/svnnew/m2/repository/com/fasterxml/jackson/core/jackson-databind/2.9.6/jackson-databind-2.9.6.jar, file:/D:/svnnew/m2/repository/com/fasterxml/jackson/core/jackson-core/2.9.6/jackson-core-2.9.6.jar, file:/D:/svnnew/m2/repository/com/fasterxml/jackson/datatype/jackson-datatype-jdk8/2.9.6/jackson-datatype-jdk8-2.9.6.jar, file:/D:/svnnew/m2/repository/com/fasterxml/jackson/datatype/jackson-datatype-jsr310/2.9.6/jackson-datatype-jsr310-2.9.6.jar, file:/D:/svnnew/m2/repository/com/fasterxml/jackson/module/jackson-module-parameter-names/2.9.6/jackson-module-parameter-names-2.9.6.jar, file:/D:/svnnew/m2/repository/org/springframework/boot/spring-boot-starter-tomcat/2.0.4.RELEASE/spring-boot-starter-tomcat-2.0.4.RELEASE.jar, file:/D:/svnnew/m2/repository/org/apache/tomcat/embed/tomcat-embed-core/8.5.32/tomcat-embed-core-8.5.32.jar, file:/D:/svnnew/m2/repository/org/apache/tomcat/embed/tomcat-embed-el/8.5.32/tomcat-embed-el-8.5.32.jar, file:/D:/svnnew/m2/repository/org/apache/tomcat/embed/tomcat-embed-websocket/8.5.32/tomcat-embed-websocket-8.5.32.jar, file:/D:/svnnew/m2/repository/org/hibernate/validator/hibernate-validator/6.0.11.Final/hibernate-validator-6.0.11.Final.jar, file:/D:/svnnew/m2/repository/javax/validation/validation-api/2.0.1.Final/validation-api-2.0.1.Final.jar, file:/D:/svnnew/m2/repository/org/jboss/logging/jboss-logging/3.3.2.Final/jboss-logging-3.3.2.Final.jar, file:/D:/svnnew/m2/repository/org/springframework/spring-web/5.0.8.RELEASE/spring-web-5.0.8.RELEASE.jar, file:/D:/svnnew/m2/repository/org/springframework/spring-beans/5.0.8.RELEASE/spring-beans-5.0.8.RELEASE.jar, file:/D:/svnnew/m2/repository/org/springframework/spring-webmvc/5.0.8.RELEASE/spring-webmvc-5.0.8.RELEASE.jar, file:/D:/svnnew/m2/repository/org/springframework/spring-aop/5.0.8.RELEASE/spring-aop-5.0.8.RELEASE.jar, file:/D:/svnnew/m2/repository/org/springframework/spring-context/5.0.8.RELEASE/spring-context-5.0.8.RELEASE.jar, file:/D:/svnnew/m2/repository/org/springframework/spring-expression/5.0.8.RELEASE/spring-expression-5.0.8.RELEASE.jar, file:/D:/svnnew/m2/repository/io/springfox/springfox-swagger-ui/2.6.1/springfox-swagger-ui-2.6.1.jar, file:/D:/svnnew/m2/repository/io/springfox/springfox-spring-web/2.6.1/springfox-spring-web-2.6.1.jar, file:/D:/svnnew/m2/repository/io/springfox/springfox-swagger2/2.6.1/springfox-swagger2-2.6.1.jar, file:/D:/svnnew/m2/repository/io/swagger/swagger-annotations/1.5.10/swagger-annotations-1.5.10.jar, file:/D:/svnnew/m2/repository/io/swagger/swagger-models/1.5.10/swagger-models-1.5.10.jar, file:/D:/svnnew/m2/repository/com/fasterxml/jackson/core/jackson-annotations/2.4.5/jackson-annotations-2.4.5.jar, file:/D:/svnnew/m2/repository/io/springfox/springfox-spi/2.6.1/springfox-spi-2.6.1.jar, file:/D:/svnnew/m2/repository/io/springfox/springfox-core/2.6.1/springfox-core-2.6.1.jar, file:/D:/svnnew/m2/repository/io/springfox/springfox-schema/2.6.1/springfox-schema-2.6.1.jar, file:/D:/svnnew/m2/repository/io/springfox/springfox-swagger-common/2.6.1/springfox-swagger-common-2.6.1.jar, file:/D:/svnnew/m2/repository/com/google/guava/guava/18.0/guava-18.0.jar, file:/D:/svnnew/m2/repository/com/fasterxml/classmate/1.3.1/classmate-1.3.1.jar, file:/D:/svnnew/m2/repository/org/slf4j/slf4j-api/1.7.21/slf4j-api-1.7.21.jar, file:/D:/svnnew/m2/repository/org/springframework/plugin/spring-plugin-core/1.2.0.RELEASE/spring-plugin-core-1.2.0.RELEASE.jar, file:/D:/svnnew/m2/repository/org/springframework/plugin/spring-plugin-metadata/1.2.0.RELEASE/spring-plugin-metadata-1.2.0.RELEASE.jar, file:/D:/svnnew/m2/repository/org/mapstruct/mapstruct/1.0.0.Final/mapstruct-1.0.0.Final.jar, file:/D:/svnnew/m2/repository/org/projectlombok/lombok/1.16.14/lombok-1.16.14.jar, file:/D:/svnnew/m2/repository/com/alibaba/fastjson/1.2.38/fastjson-1.2.38.jar, file:/D:/svnnew/m2/repository/mysql/mysql-connector-java/8.0.11/mysql-connector-java-8.0.11.jar, file:/D:/svnnew/m2/repository/com/google/protobuf/protobuf-java/2.6.0/protobuf-java-2.6.0.jar, file:/D:/svnnew/m2/repository/org/mybatis/spring/boot/mybatis-spring-boot-starter/1.3.0/mybatis-spring-boot-starter-1.3.0.jar, file:/D:/svnnew/m2/repository/org/springframework/boot/spring-boot-starter-jdbc/1.5.2.RELEASE/spring-boot-starter-jdbc-1.5.2.RELEASE.jar, file:/D:/svnnew/m2/repository/org/apache/tomcat/tomcat-jdbc/8.5.11/tomcat-jdbc-8.5.11.jar, file:/D:/svnnew/m2/repository/org/apache/tomcat/tomcat-juli/8.5.11/tomcat-juli-8.5.11.jar, file:/D:/svnnew/m2/repository/org/springframework/spring-jdbc/4.3.7.RELEASE/spring-jdbc-4.3.7.RELEASE.jar, file:/D:/svnnew/m2/repository/org/springframework/spring-tx/4.3.7.RELEASE/spring-tx-4.3.7.RELEASE.jar, file:/D:/svnnew/m2/repository/org/mybatis/spring/boot/mybatis-spring-boot-autoconfigure/1.3.0/mybatis-spring-boot-autoconfigure-1.3.0.jar, file:/D:/svnnew/m2/repository/org/mybatis/mybatis/3.4.4/mybatis-3.4.4.jar, file:/D:/svnnew/m2/repository/org/mybatis/mybatis-spring/1.3.1/mybatis-spring-1.3.1.jar, file:/C:/Program%20Files/JetBrains/IntelliJ%20IDEA%202018.1.2/lib/idea_rt.jar] 
10:58:48.419 [background-preinit] DEBUG org.jboss.logging - Logging Provider: org.jboss.logging.Log4j2LoggerProvider 
10:58:48.420 [background-preinit] INFO  o.h.validator.internal.util.Version - HV000001: Hibernate Validator 6.0.11.Final 
10:58:48.450 [background-preinit] DEBUG o.h.v.i.e.r.TraversableResolvers - Cannot find javax.persistence.Persistence on classpath. Assuming non JPA 2 environment. All properties will per default be traversable. 
10:58:48.458 [background-preinit] DEBUG o.h.v.i.x.c.ValidationXmlParser - Trying to load META-INF/validation.xml for XML based Validator configuration. 
10:58:48.471 [background-preinit] DEBUG o.h.v.i.x.c.ResourceLoaderHelper - Trying to load META-INF/validation.xml via TCCL 
10:58:48.472 [background-preinit] DEBUG o.h.v.i.x.c.ResourceLoaderHelper - Trying to load META-INF/validation.xml via Hibernate Validator's class loader 
10:58:48.473 [background-preinit] DEBUG o.h.v.i.x.c.ValidationXmlParser - No META-INF/validation.xml found. Using annotation based configuration only. 
10:58:48.671 [background-preinit] DEBUG o.h.v.m.ResourceBundleMessageInterpolator - Loaded expression factory via original TCCL 
10:58:48.674 [background-preinit] DEBUG o.h.v.i.engine.ValidatorFactoryImpl - HV000234: Using org.hibernate.validator.messageinterpolation.ResourceBundleMessageInterpolator as ValidatorFactory-scoped message interpolator. 
10:58:48.675 [background-preinit] DEBUG o.h.v.i.engine.ValidatorFactoryImpl - HV000234: Using org.hibernate.validator.internal.engine.resolver.TraverseAllTraversableResolver as ValidatorFactory-scoped traversable resolver. 
10:58:48.675 [background-preinit] DEBUG o.h.v.i.engine.ValidatorFactoryImpl - HV000234: Using org.hibernate.validator.internal.util.ExecutableParameterNameProvider as ValidatorFactory-scoped parameter name provider. 
10:58:48.675 [background-preinit] DEBUG o.h.v.i.engine.ValidatorFactoryImpl - HV000234: Using org.hibernate.validator.internal.engine.DefaultClockProvider as ValidatorFactory-scoped clock provider. 
10:58:48.675 [background-preinit] DEBUG o.h.v.i.engine.ValidatorFactoryImpl - HV000234: Using org.hibernate.validator.internal.engine.scripting.DefaultScriptEvaluatorFactory as ValidatorFactory-scoped script evaluator factory. 
10:58:49.084 [main] ERROR o.s.boot.SpringApplication - Application run failed 
java.lang.IllegalStateException: Failed to load property source from location 'classpath:/application.yml'
	at org.springframework.boot.context.config.ConfigFileApplicationListener$Loader.load(ConfigFileApplicationListener.java:549)
	at org.springframework.boot.context.config.ConfigFileApplicationListener$Loader.loadForFileExtension(ConfigFileApplicationListener.java:500)
	at org.springframework.boot.context.config.ConfigFileApplicationListener$Loader.load(ConfigFileApplicationListener.java:468)
	at org.springframework.boot.context.config.ConfigFileApplicationListener$Loader.lambda$null$6(ConfigFileApplicationListener.java:450)
	at java.lang.Iterable.forEach(Iterable.java:75)
	at org.springframework.boot.context.config.ConfigFileApplicationListener$Loader.lambda$load$7(ConfigFileApplicationListener.java:449)
	at java.lang.Iterable.forEach(Iterable.java:75)
	at org.springframework.boot.context.config.ConfigFileApplicationListener$Loader.load(ConfigFileApplicationListener.java:446)
	at org.springframework.boot.context.config.ConfigFileApplicationListener$Loader.load(ConfigFileApplicationListener.java:336)
	at org.springframework.boot.context.config.ConfigFileApplicationListener.addPropertySources(ConfigFileApplicationListener.java:215)
	at org.springframework.boot.context.config.ConfigFileApplicationListener.postProcessEnvironment(ConfigFileApplicationListener.java:198)
	at org.springframework.boot.context.config.ConfigFileApplicationListener.onApplicationEnvironmentPreparedEvent(ConfigFileApplicationListener.java:185)
	at org.springframework.boot.context.config.ConfigFileApplicationListener.onApplicationEvent(ConfigFileApplicationListener.java:171)
	at org.springframework.context.event.SimpleApplicationEventMulticaster.doInvokeListener(SimpleApplicationEventMulticaster.java:172)
	at org.springframework.context.event.SimpleApplicationEventMulticaster.invokeListener(SimpleApplicationEventMulticaster.java:165)
	at org.springframework.context.event.SimpleApplicationEventMulticaster.multicastEvent(SimpleApplicationEventMulticaster.java:139)
	at org.springframework.context.event.SimpleApplicationEventMulticaster.multicastEvent(SimpleApplicationEventMulticaster.java:127)
	at org.springframework.boot.context.event.EventPublishingRunListener.environmentPrepared(EventPublishingRunListener.java:74)
	at org.springframework.boot.SpringApplicationRunListeners.environmentPrepared(SpringApplicationRunListeners.java:54)
	at org.springframework.boot.SpringApplication.prepareEnvironment(SpringApplication.java:361)
	at org.springframework.boot.SpringApplication.run(SpringApplication.java:320)
	at org.springframework.boot.SpringApplication.run(SpringApplication.java:1258)
	at org.springframework.boot.SpringApplication.run(SpringApplication.java:1246)
	at com.course.Application.main(Application.java:15)
Caused by: org.yaml.snakeyaml.scanner.ScannerException: sequence entries are not allowed here
 in 'reader', line 16, column 23:
        mapper-locations: - mapper/*
                          ^

	at org.yaml.snakeyaml.scanner.ScannerImpl.fetchBlockEntry(ScannerImpl.java:779)
	at org.yaml.snakeyaml.scanner.ScannerImpl.fetchMoreTokens(ScannerImpl.java:317)
	at org.yaml.snakeyaml.scanner.ScannerImpl.checkToken(ScannerImpl.java:226)
	at org.yaml.snakeyaml.parser.ParserImpl$ParseBlockMappingValue.produce(ParserImpl.java:585)
	at org.yaml.snakeyaml.parser.ParserImpl.peekEvent(ParserImpl.java:157)
	at org.yaml.snakeyaml.parser.ParserImpl.checkEvent(ParserImpl.java:147)
	at org.yaml.snakeyaml.composer.Composer.composeNode(Composer.java:133)
	at org.yaml.snakeyaml.composer.Composer.composeValueNode(Composer.java:249)
	at org.yaml.snakeyaml.composer.Composer.composeMappingChildren(Composer.java:240)
	at org.yaml.snakeyaml.composer.Composer.composeMappingNode(Composer.java:228)
	at org.yaml.snakeyaml.composer.Composer.composeNode(Composer.java:154)
	at org.yaml.snakeyaml.composer.Composer.composeValueNode(Composer.java:249)
	at org.yaml.snakeyaml.composer.Composer.composeMappingChildren(Composer.java:240)
	at org.yaml.snakeyaml.composer.Composer.composeMappingNode(Composer.java:228)
	at org.yaml.snakeyaml.composer.Composer.composeNode(Composer.java:154)
	at org.yaml.snakeyaml.composer.Composer.composeValueNode(Composer.java:249)
	at org.yaml.snakeyaml.composer.Composer.composeMappingChildren(Composer.java:240)
	at org.yaml.snakeyaml.composer.Composer.composeMappingNode(Composer.java:228)
	at org.yaml.snakeyaml.composer.Composer.composeNode(Composer.java:154)
	at org.yaml.snakeyaml.composer.Composer.composeDocument(Composer.java:122)
	at org.yaml.snakeyaml.composer.Composer.getNode(Composer.java:84)
	at org.yaml.snakeyaml.constructor.BaseConstructor.getData(BaseConstructor.java:123)
	at org.yaml.snakeyaml.Yaml$1.next(Yaml.java:547)
	at org.springframework.beans.factory.config.YamlProcessor.process(YamlProcessor.java:166)
	at org.springframework.beans.factory.config.YamlProcessor.process(YamlProcessor.java:139)
	at org.springframework.boot.env.OriginTrackedYamlLoader.load(OriginTrackedYamlLoader.java:75)
	at org.springframework.boot.env.YamlPropertySourceLoader.load(YamlPropertySourceLoader.java:50)
	at org.springframework.boot.context.config.ConfigFileApplicationListener$Loader.loadDocuments(ConfigFileApplicationListener.java:567)
	at org.springframework.boot.context.config.ConfigFileApplicationListener$Loader.load(ConfigFileApplicationListener.java:523)
	... 23 common frames omitted
11:04:08.499 [main] DEBUG o.s.b.c.l.ClasspathLoggingApplicationListener - Application failed to start with classpath: [file:/C:/Program%20Files/Java/jdk1.8.0_151/jre/lib/charsets.jar, file:/C:/Program%20Files/Java/jdk1.8.0_151/jre/lib/deploy.jar, file:/C:/Program%20Files/Java/jdk1.8.0_151/jre/lib/ext/access-bridge-64.jar, file:/C:/Program%20Files/Java/jdk1.8.0_151/jre/lib/ext/cldrdata.jar, file:/C:/Program%20Files/Java/jdk1.8.0_151/jre/lib/ext/dnsns.jar, file:/C:/Program%20Files/Java/jdk1.8.0_151/jre/lib/ext/jaccess.jar, file:/C:/Program%20Files/Java/jdk1.8.0_151/jre/lib/ext/jfxrt.jar, file:/C:/Program%20Files/Java/jdk1.8.0_151/jre/lib/ext/localedata.jar, file:/C:/Program%20Files/Java/jdk1.8.0_151/jre/lib/ext/nashorn.jar, file:/C:/Program%20Files/Java/jdk1.8.0_151/jre/lib/ext/sunec.jar, file:/C:/Program%20Files/Java/jdk1.8.0_151/jre/lib/ext/sunjce_provider.jar, file:/C:/Program%20Files/Java/jdk1.8.0_151/jre/lib/ext/sunmscapi.jar, file:/C:/Program%20Files/Java/jdk1.8.0_151/jre/lib/ext/sunpkcs11.jar, file:/C:/Program%20Files/Java/jdk1.8.0_151/jre/lib/ext/zipfs.jar, file:/C:/Program%20Files/Java/jdk1.8.0_151/jre/lib/javaws.jar, file:/C:/Program%20Files/Java/jdk1.8.0_151/jre/lib/jce.jar, file:/C:/Program%20Files/Java/jdk1.8.0_151/jre/lib/jfr.jar, file:/C:/Program%20Files/Java/jdk1.8.0_151/jre/lib/jfxswt.jar, file:/C:/Program%20Files/Java/jdk1.8.0_151/jre/lib/jsse.jar, file:/C:/Program%20Files/Java/jdk1.8.0_151/jre/lib/management-agent.jar, file:/C:/Program%20Files/Java/jdk1.8.0_151/jre/lib/plugin.jar, file:/C:/Program%20Files/Java/jdk1.8.0_151/jre/lib/resources.jar, file:/C:/Program%20Files/Java/jdk1.8.0_151/jre/lib/rt.jar, file:/C:/Users/dell/.ssh/workspace/muke/AutoTest/Chapter11/target/classes/, file:/D:/svnnew/m2/repository/org/springframework/boot/spring-boot-starter-web/2.0.4.RELEASE/spring-boot-starter-web-2.0.4.RELEASE.jar, file:/D:/svnnew/m2/repository/org/springframework/boot/spring-boot-starter/2.0.4.RELEASE/spring-boot-starter-2.0.4.RELEASE.jar, file:/D:/svnnew/m2/repository/org/springframework/boot/spring-boot/2.0.4.RELEASE/spring-boot-2.0.4.RELEASE.jar, file:/D:/svnnew/m2/repository/org/springframework/boot/spring-boot-autoconfigure/2.0.4.RELEASE/spring-boot-autoconfigure-2.0.4.RELEASE.jar, file:/D:/svnnew/m2/repository/org/springframework/boot/spring-boot-starter-logging/2.0.4.RELEASE/spring-boot-starter-logging-2.0.4.RELEASE.jar, file:/D:/svnnew/m2/repository/ch/qos/logback/logback-classic/1.2.3/logback-classic-1.2.3.jar, file:/D:/svnnew/m2/repository/ch/qos/logback/logback-core/1.2.3/logback-core-1.2.3.jar, file:/D:/svnnew/m2/repository/org/apache/logging/log4j/log4j-to-slf4j/2.10.0/log4j-to-slf4j-2.10.0.jar, file:/D:/svnnew/m2/repository/org/apache/logging/log4j/log4j-api/2.10.0/log4j-api-2.10.0.jar, file:/D:/svnnew/m2/repository/org/slf4j/jul-to-slf4j/1.7.25/jul-to-slf4j-1.7.25.jar, file:/D:/svnnew/m2/repository/javax/annotation/javax.annotation-api/1.3.2/javax.annotation-api-1.3.2.jar, file:/D:/svnnew/m2/repository/org/springframework/spring-core/5.0.8.RELEASE/spring-core-5.0.8.RELEASE.jar, file:/D:/svnnew/m2/repository/org/springframework/spring-jcl/5.0.8.RELEASE/spring-jcl-5.0.8.RELEASE.jar, file:/D:/svnnew/m2/repository/org/yaml/snakeyaml/1.19/snakeyaml-1.19.jar, file:/D:/svnnew/m2/repository/org/springframework/boot/spring-boot-starter-json/2.0.4.RELEASE/spring-boot-starter-json-2.0.4.RELEASE.jar, file:/D:/svnnew/m2/repository/com/fasterxml/jackson/core/jackson-databind/2.9.6/jackson-databind-2.9.6.jar, file:/D:/svnnew/m2/repository/com/fasterxml/jackson/core/jackson-core/2.9.6/jackson-core-2.9.6.jar, file:/D:/svnnew/m2/repository/com/fasterxml/jackson/datatype/jackson-datatype-jdk8/2.9.6/jackson-datatype-jdk8-2.9.6.jar, file:/D:/svnnew/m2/repository/com/fasterxml/jackson/datatype/jackson-datatype-jsr310/2.9.6/jackson-datatype-jsr310-2.9.6.jar, file:/D:/svnnew/m2/repository/com/fasterxml/jackson/module/jackson-module-parameter-names/2.9.6/jackson-module-parameter-names-2.9.6.jar, file:/D:/svnnew/m2/repository/org/springframework/boot/spring-boot-starter-tomcat/2.0.4.RELEASE/spring-boot-starter-tomcat-2.0.4.RELEASE.jar, file:/D:/svnnew/m2/repository/org/apache/tomcat/embed/tomcat-embed-core/8.5.32/tomcat-embed-core-8.5.32.jar, file:/D:/svnnew/m2/repository/org/apache/tomcat/embed/tomcat-embed-el/8.5.32/tomcat-embed-el-8.5.32.jar, file:/D:/svnnew/m2/repository/org/apache/tomcat/embed/tomcat-embed-websocket/8.5.32/tomcat-embed-websocket-8.5.32.jar, file:/D:/svnnew/m2/repository/org/hibernate/validator/hibernate-validator/6.0.11.Final/hibernate-validator-6.0.11.Final.jar, file:/D:/svnnew/m2/repository/javax/validation/validation-api/2.0.1.Final/validation-api-2.0.1.Final.jar, file:/D:/svnnew/m2/repository/org/jboss/logging/jboss-logging/3.3.2.Final/jboss-logging-3.3.2.Final.jar, file:/D:/svnnew/m2/repository/org/springframework/spring-web/5.0.8.RELEASE/spring-web-5.0.8.RELEASE.jar, file:/D:/svnnew/m2/repository/org/springframework/spring-beans/5.0.8.RELEASE/spring-beans-5.0.8.RELEASE.jar, file:/D:/svnnew/m2/repository/org/springframework/spring-webmvc/5.0.8.RELEASE/spring-webmvc-5.0.8.RELEASE.jar, file:/D:/svnnew/m2/repository/org/springframework/spring-aop/5.0.8.RELEASE/spring-aop-5.0.8.RELEASE.jar, file:/D:/svnnew/m2/repository/org/springframework/spring-context/5.0.8.RELEASE/spring-context-5.0.8.RELEASE.jar, file:/D:/svnnew/m2/repository/org/springframework/spring-expression/5.0.8.RELEASE/spring-expression-5.0.8.RELEASE.jar, file:/D:/svnnew/m2/repository/io/springfox/springfox-swagger-ui/2.6.1/springfox-swagger-ui-2.6.1.jar, file:/D:/svnnew/m2/repository/io/springfox/springfox-spring-web/2.6.1/springfox-spring-web-2.6.1.jar, file:/D:/svnnew/m2/repository/io/springfox/springfox-swagger2/2.6.1/springfox-swagger2-2.6.1.jar, file:/D:/svnnew/m2/repository/io/swagger/swagger-annotations/1.5.10/swagger-annotations-1.5.10.jar, file:/D:/svnnew/m2/repository/io/swagger/swagger-models/1.5.10/swagger-models-1.5.10.jar, file:/D:/svnnew/m2/repository/com/fasterxml/jackson/core/jackson-annotations/2.4.5/jackson-annotations-2.4.5.jar, file:/D:/svnnew/m2/repository/io/springfox/springfox-spi/2.6.1/springfox-spi-2.6.1.jar, file:/D:/svnnew/m2/repository/io/springfox/springfox-core/2.6.1/springfox-core-2.6.1.jar, file:/D:/svnnew/m2/repository/io/springfox/springfox-schema/2.6.1/springfox-schema-2.6.1.jar, file:/D:/svnnew/m2/repository/io/springfox/springfox-swagger-common/2.6.1/springfox-swagger-common-2.6.1.jar, file:/D:/svnnew/m2/repository/com/google/guava/guava/18.0/guava-18.0.jar, file:/D:/svnnew/m2/repository/com/fasterxml/classmate/1.3.1/classmate-1.3.1.jar, file:/D:/svnnew/m2/repository/org/slf4j/slf4j-api/1.7.21/slf4j-api-1.7.21.jar, file:/D:/svnnew/m2/repository/org/springframework/plugin/spring-plugin-core/1.2.0.RELEASE/spring-plugin-core-1.2.0.RELEASE.jar, file:/D:/svnnew/m2/repository/org/springframework/plugin/spring-plugin-metadata/1.2.0.RELEASE/spring-plugin-metadata-1.2.0.RELEASE.jar, file:/D:/svnnew/m2/repository/org/mapstruct/mapstruct/1.0.0.Final/mapstruct-1.0.0.Final.jar, file:/D:/svnnew/m2/repository/org/projectlombok/lombok/1.16.14/lombok-1.16.14.jar, file:/D:/svnnew/m2/repository/com/alibaba/fastjson/1.2.38/fastjson-1.2.38.jar, file:/D:/svnnew/m2/repository/mysql/mysql-connector-java/8.0.11/mysql-connector-java-8.0.11.jar, file:/D:/svnnew/m2/repository/com/google/protobuf/protobuf-java/2.6.0/protobuf-java-2.6.0.jar, file:/D:/svnnew/m2/repository/org/mybatis/spring/boot/mybatis-spring-boot-starter/1.3.0/mybatis-spring-boot-starter-1.3.0.jar, file:/D:/svnnew/m2/repository/org/springframework/boot/spring-boot-starter-jdbc/1.5.2.RELEASE/spring-boot-starter-jdbc-1.5.2.RELEASE.jar, file:/D:/svnnew/m2/repository/org/apache/tomcat/tomcat-jdbc/8.5.11/tomcat-jdbc-8.5.11.jar, file:/D:/svnnew/m2/repository/org/apache/tomcat/tomcat-juli/8.5.11/tomcat-juli-8.5.11.jar, file:/D:/svnnew/m2/repository/org/springframework/spring-jdbc/4.3.7.RELEASE/spring-jdbc-4.3.7.RELEASE.jar, file:/D:/svnnew/m2/repository/org/springframework/spring-tx/4.3.7.RELEASE/spring-tx-4.3.7.RELEASE.jar, file:/D:/svnnew/m2/repository/org/mybatis/spring/boot/mybatis-spring-boot-autoconfigure/1.3.0/mybatis-spring-boot-autoconfigure-1.3.0.jar, file:/D:/svnnew/m2/repository/org/mybatis/mybatis/3.4.4/mybatis-3.4.4.jar, file:/D:/svnnew/m2/repository/org/mybatis/mybatis-spring/1.3.1/mybatis-spring-1.3.1.jar, file:/C:/Program%20Files/JetBrains/IntelliJ%20IDEA%202018.1.2/lib/idea_rt.jar] 
11:04:08.515 [background-preinit] DEBUG org.jboss.logging - Logging Provider: org.jboss.logging.Log4j2LoggerProvider 
11:04:08.517 [background-preinit] INFO  o.h.validator.internal.util.Version - HV000001: Hibernate Validator 6.0.11.Final 
11:04:08.536 [background-preinit] DEBUG o.h.v.i.e.r.TraversableResolvers - Cannot find javax.persistence.Persistence on classpath. Assuming non JPA 2 environment. All properties will per default be traversable. 
11:04:08.544 [background-preinit] DEBUG o.h.v.i.x.c.ValidationXmlParser - Trying to load META-INF/validation.xml for XML based Validator configuration. 
11:04:08.546 [background-preinit] DEBUG o.h.v.i.x.c.ResourceLoaderHelper - Trying to load META-INF/validation.xml via TCCL 
11:04:08.547 [background-preinit] DEBUG o.h.v.i.x.c.ResourceLoaderHelper - Trying to load META-INF/validation.xml via Hibernate Validator's class loader 
11:04:08.548 [background-preinit] DEBUG o.h.v.i.x.c.ValidationXmlParser - No META-INF/validation.xml found. Using annotation based configuration only. 
11:04:08.899 [background-preinit] DEBUG o.h.v.m.ResourceBundleMessageInterpolator - Loaded expression factory via original TCCL 
11:04:08.907 [background-preinit] DEBUG o.h.v.i.engine.ValidatorFactoryImpl - HV000234: Using org.hibernate.validator.messageinterpolation.ResourceBundleMessageInterpolator as ValidatorFactory-scoped message interpolator. 
11:04:08.907 [background-preinit] DEBUG o.h.v.i.engine.ValidatorFactoryImpl - HV000234: Using org.hibernate.validator.internal.engine.resolver.TraverseAllTraversableResolver as ValidatorFactory-scoped traversable resolver. 
11:04:08.907 [background-preinit] DEBUG o.h.v.i.engine.ValidatorFactoryImpl - HV000234: Using org.hibernate.validator.internal.util.ExecutableParameterNameProvider as ValidatorFactory-scoped parameter name provider. 
11:04:08.908 [background-preinit] DEBUG o.h.v.i.engine.ValidatorFactoryImpl - HV000234: Using org.hibernate.validator.internal.engine.DefaultClockProvider as ValidatorFactory-scoped clock provider. 
11:04:08.908 [background-preinit] DEBUG o.h.v.i.engine.ValidatorFactoryImpl - HV000234: Using org.hibernate.validator.internal.engine.scripting.DefaultScriptEvaluatorFactory as ValidatorFactory-scoped script evaluator factory. 
11:04:09.154 [main] ERROR o.s.boot.SpringApplication - Application run failed 
java.lang.IllegalStateException: Failed to load property source from location 'classpath:/application.yml'
	at org.springframework.boot.context.config.ConfigFileApplicationListener$Loader.load(ConfigFileApplicationListener.java:549)
	at org.springframework.boot.context.config.ConfigFileApplicationListener$Loader.loadForFileExtension(ConfigFileApplicationListener.java:500)
	at org.springframework.boot.context.config.ConfigFileApplicationListener$Loader.load(ConfigFileApplicationListener.java:468)
	at org.springframework.boot.context.config.ConfigFileApplicationListener$Loader.lambda$null$6(ConfigFileApplicationListener.java:450)
	at java.lang.Iterable.forEach(Iterable.java:75)
	at org.springframework.boot.context.config.ConfigFileApplicationListener$Loader.lambda$load$7(ConfigFileApplicationListener.java:449)
	at java.lang.Iterable.forEach(Iterable.java:75)
	at org.springframework.boot.context.config.ConfigFileApplicationListener$Loader.load(ConfigFileApplicationListener.java:446)
	at org.springframework.boot.context.config.ConfigFileApplicationListener$Loader.load(ConfigFileApplicationListener.java:336)
	at org.springframework.boot.context.config.ConfigFileApplicationListener.addPropertySources(ConfigFileApplicationListener.java:215)
	at org.springframework.boot.context.config.ConfigFileApplicationListener.postProcessEnvironment(ConfigFileApplicationListener.java:198)
	at org.springframework.boot.context.config.ConfigFileApplicationListener.onApplicationEnvironmentPreparedEvent(ConfigFileApplicationListener.java:185)
	at org.springframework.boot.context.config.ConfigFileApplicationListener.onApplicationEvent(ConfigFileApplicationListener.java:171)
	at org.springframework.context.event.SimpleApplicationEventMulticaster.doInvokeListener(SimpleApplicationEventMulticaster.java:172)
	at org.springframework.context.event.SimpleApplicationEventMulticaster.invokeListener(SimpleApplicationEventMulticaster.java:165)
	at org.springframework.context.event.SimpleApplicationEventMulticaster.multicastEvent(SimpleApplicationEventMulticaster.java:139)
	at org.springframework.context.event.SimpleApplicationEventMulticaster.multicastEvent(SimpleApplicationEventMulticaster.java:127)
	at org.springframework.boot.context.event.EventPublishingRunListener.environmentPrepared(EventPublishingRunListener.java:74)
	at org.springframework.boot.SpringApplicationRunListeners.environmentPrepared(SpringApplicationRunListeners.java:54)
	at org.springframework.boot.SpringApplication.prepareEnvironment(SpringApplication.java:361)
	at org.springframework.boot.SpringApplication.run(SpringApplication.java:320)
	at org.springframework.boot.SpringApplication.run(SpringApplication.java:1258)
	at org.springframework.boot.SpringApplication.run(SpringApplication.java:1246)
	at com.course.Application.main(Application.java:15)
Caused by: org.yaml.snakeyaml.scanner.ScannerException: sequence entries are not allowed here
 in 'reader', line 16, column 23:
        mapper-locations: - mapper/*
                          ^

	at org.yaml.snakeyaml.scanner.ScannerImpl.fetchBlockEntry(ScannerImpl.java:779)
	at org.yaml.snakeyaml.scanner.ScannerImpl.fetchMoreTokens(ScannerImpl.java:317)
	at org.yaml.snakeyaml.scanner.ScannerImpl.checkToken(ScannerImpl.java:226)
	at org.yaml.snakeyaml.parser.ParserImpl$ParseBlockMappingValue.produce(ParserImpl.java:585)
	at org.yaml.snakeyaml.parser.ParserImpl.peekEvent(ParserImpl.java:157)
	at org.yaml.snakeyaml.parser.ParserImpl.checkEvent(ParserImpl.java:147)
	at org.yaml.snakeyaml.composer.Composer.composeNode(Composer.java:133)
	at org.yaml.snakeyaml.composer.Composer.composeValueNode(Composer.java:249)
	at org.yaml.snakeyaml.composer.Composer.composeMappingChildren(Composer.java:240)
	at org.yaml.snakeyaml.composer.Composer.composeMappingNode(Composer.java:228)
	at org.yaml.snakeyaml.composer.Composer.composeNode(Composer.java:154)
	at org.yaml.snakeyaml.composer.Composer.composeValueNode(Composer.java:249)
	at org.yaml.snakeyaml.composer.Composer.composeMappingChildren(Composer.java:240)
	at org.yaml.snakeyaml.composer.Composer.composeMappingNode(Composer.java:228)
	at org.yaml.snakeyaml.composer.Composer.composeNode(Composer.java:154)
	at org.yaml.snakeyaml.composer.Composer.composeValueNode(Composer.java:249)
	at org.yaml.snakeyaml.composer.Composer.composeMappingChildren(Composer.java:240)
	at org.yaml.snakeyaml.composer.Composer.composeMappingNode(Composer.java:228)
	at org.yaml.snakeyaml.composer.Composer.composeNode(Composer.java:154)
	at org.yaml.snakeyaml.composer.Composer.composeDocument(Composer.java:122)
	at org.yaml.snakeyaml.composer.Composer.getNode(Composer.java:84)
	at org.yaml.snakeyaml.constructor.BaseConstructor.getData(BaseConstructor.java:123)
	at org.yaml.snakeyaml.Yaml$1.next(Yaml.java:547)
	at org.springframework.beans.factory.config.YamlProcessor.process(YamlProcessor.java:166)
	at org.springframework.beans.factory.config.YamlProcessor.process(YamlProcessor.java:139)
	at org.springframework.boot.env.OriginTrackedYamlLoader.load(OriginTrackedYamlLoader.java:75)
	at org.springframework.boot.env.YamlPropertySourceLoader.load(YamlPropertySourceLoader.java:50)
	at org.springframework.boot.context.config.ConfigFileApplicationListener$Loader.loadDocuments(ConfigFileApplicationListener.java:567)
	at org.springframework.boot.context.config.ConfigFileApplicationListener$Loader.load(ConfigFileApplicationListener.java:523)
	... 23 common frames omitted
